1639969014530	geckodriver	INFO	Listening on 127.0.0.1:56228
1639969017632	mozrunner::runner	INFO	Running command: "C:\\Program Files\\Mozilla Firefox\\firefox.exe" "--marionette" "-no-remote" "-profile" "C:\\Users\\nikhi\\AppData\\Local\\Temp\\rust_mozprofileV0WpYT"
1639969018817	Marionette	INFO	Marionette enabled
console.warn: SearchSettings: "get: No settings file exists, new profile?" (new NotFoundError("Could not open the file at C:\\Users\\nikhi\\AppData\\Local\\Temp\\rust_mozprofileV0WpYT\\search.json.mozlz4", (void 0)))
1639969023317	Marionette	INFO	Listening on port 56239
1639969023505	RemoteAgent	WARN	TLS certificate errors will be ignored for this session
console.error: Region.jsm: "Error fetching region" (new TypeError("NetworkError when attempting to fetch resource.", ""))
console.error: Region.jsm: "Failed to fetch region" (new Error("NO_RESULT", "resource://gre/modules/Region.jsm", 419))
console.warn: TopSitesFeed: Failed to fetch data from Contile server: NetworkError when attempting to fetch resource.
1639969055914	geckodriver	INFO	Listening on 127.0.0.1:56326
1639969059016	mozrunner::runner	INFO	Running command: "C:\\Program Files\\Mozilla Firefox\\firefox.exe" "--marionette" "-no-remote" "-profile" "C:\\Users\\nikhi\\AppData\\Local\\Temp\\rust_mozprofile9lvR0d"
1639969059673	Marionette	INFO	Marionette enabled
console.warn: SearchSettings: "get: No settings file exists, new profile?" (new NotFoundError("Could not open the file at C:\\Users\\nikhi\\AppData\\Local\\Temp\\rust_mozprofile9lvR0d\\search.json.mozlz4", (void 0)))
1639969063575	Marionette	INFO	Listening on port 56340
1639969063818	RemoteAgent	WARN	TLS certificate errors will be ignored for this session
JavaScript warning: https://www.redditstatic.com/accountmanager/login.97d25d2d7a0b2889b184.js, line 1: unreachable code after return statement
1639970427685	geckodriver	INFO	Listening on 127.0.0.1:58907
1639970430722	mozrunner::runner	INFO	Running command: "C:\\Program Files\\Mozilla Firefox\\firefox.exe" "--marionette" "-no-remote" "-profile" "C:\\Users\\nikhi\\AppData\\Local\\Temp\\rust_mozprofileuqCfZX"
1639970431418	Marionette	INFO	Marionette enabled
console.warn: SearchSettings: "get: No settings file exists, new profile?" (new NotFoundError("Could not open the file at C:\\Users\\nikhi\\AppData\\Local\\Temp\\rust_mozprofileuqCfZX\\search.json.mozlz4", (void 0)))
1639970435317	Marionette	INFO	Listening on port 58925
1639970435526	RemoteAgent	WARN	TLS certificate errors will be ignored for this session
1639970864032	geckodriver	INFO	Listening on 127.0.0.1:59781
1639970867096	mozrunner::runner	INFO	Running command: "C:\\Program Files\\Mozilla Firefox\\firefox.exe" "--marionette" "-no-remote" "-profile" "C:\\Users\\nikhi\\AppData\\Local\\Temp\\rust_mozprofile5coM18"
1639970867850	Marionette	INFO	Marionette enabled
console.warn: SearchSettings: "get: No settings file exists, new profile?" (new NotFoundError("Could not open the file at C:\\Users\\nikhi\\AppData\\Local\\Temp\\rust_mozprofile5coM18\\search.json.mozlz4", (void 0)))
1639970871519	Marionette	INFO	Listening on port 59799
1639970871921	RemoteAgent	WARN	TLS certificate errors will be ignored for this session
1639970922072	geckodriver	INFO	Listening on 127.0.0.1:60007
1639970925121	mozrunner::runner	INFO	Running command: "C:\\Program Files\\Mozilla Firefox\\firefox.exe" "--marionette" "-no-remote" "-profile" "C:\\Users\\nikhi\\AppData\\Local\\Temp\\rust_mozprofilebEJ1G5"
1639970925797	Marionette	INFO	Marionette enabled
console.warn: SearchSettings: "get: No settings file exists, new profile?" (new NotFoundError("Could not open the file at C:\\Users\\nikhi\\AppData\\Local\\Temp\\rust_mozprofilebEJ1G5\\search.json.mozlz4", (void 0)))
1639970929704	Marionette	INFO	Listening on port 60019
1639970929942	RemoteAgent	WARN	TLS certificate errors will be ignored for this session
JavaScript warning: https://www.redditstatic.com/accountmanager/login.97d25d2d7a0b2889b184.js, line 1: unreachable code after return statement
1639971049464	geckodriver	INFO	Listening on 127.0.0.1:60310
1639971052503	mozrunner::runner	INFO	Running command: "C:\\Program Files\\Mozilla Firefox\\firefox.exe" "--marionette" "-no-remote" "-profile" "C:\\Users\\nikhi\\AppData\\Local\\Temp\\rust_mozprofileZa3Iry"
1639971053192	Marionette	INFO	Marionette enabled
console.warn: SearchSettings: "get: No settings file exists, new profile?" (new NotFoundError("Could not open the file at C:\\Users\\nikhi\\AppData\\Local\\Temp\\rust_mozprofileZa3Iry\\search.json.mozlz4", (void 0)))
1639971057055	Marionette	INFO	Listening on port 60321
1639971057329	RemoteAgent	WARN	TLS certificate errors will be ignored for this session
JavaScript warning: https://www.redditstatic.com/accountmanager/login.97d25d2d7a0b2889b184.js, line 1: unreachable code after return statement
1639971709262	geckodriver	INFO	Listening on 127.0.0.1:60483
1639971712353	mozrunner::runner	INFO	Running command: "C:\\Program Files\\Mozilla Firefox\\firefox.exe" "--marionette" "-no-remote" "-profile" "C:\\Users\\nikhi\\AppData\\Local\\Temp\\rust_mozprofileuZzxbR"
1639971713035	Marionette	INFO	Marionette enabled
console.warn: SearchSettings: "get: No settings file exists, new profile?" (new NotFoundError("Could not open the file at C:\\Users\\nikhi\\AppData\\Local\\Temp\\rust_mozprofileuZzxbR\\search.json.mozlz4", (void 0)))
1639971716698	Marionette	INFO	Listening on port 60502
1639971717186	RemoteAgent	WARN	TLS certificate errors will be ignored for this session
JavaScript warning: https://www.redditstatic.com/accountmanager/login.97d25d2d7a0b2889b184.js, line 1: unreachable code after return statement
1639971743760	geckodriver	INFO	Listening on 127.0.0.1:60634
1639971746828	mozrunner::runner	INFO	Running command: "C:\\Program Files\\Mozilla Firefox\\firefox.exe" "--marionette" "-no-remote" "-profile" "C:\\Users\\nikhi\\AppData\\Local\\Temp\\rust_mozprofile1gzsN1"
1639971747509	Marionette	INFO	Marionette enabled
console.warn: SearchSettings: "get: No settings file exists, new profile?" (new NotFoundError("Could not open the file at C:\\Users\\nikhi\\AppData\\Local\\Temp\\rust_mozprofile1gzsN1\\search.json.mozlz4", (void 0)))
1639971751414	Marionette	INFO	Listening on port 60649
1639971751644	RemoteAgent	WARN	TLS certificate errors will be ignored for this session
JavaScript warning: https://www.redditstatic.com/accountmanager/login.97d25d2d7a0b2889b184.js, line 1: unreachable code after return statement
1639971788745	geckodriver	INFO	Listening on 127.0.0.1:60794
1639971791832	mozrunner::runner	INFO	Running command: "C:\\Program Files\\Mozilla Firefox\\firefox.exe" "--marionette" "-no-remote" "-profile" "C:\\Users\\nikhi\\AppData\\Local\\Temp\\rust_mozprofileHGURdv"
1639971792503	Marionette	INFO	Marionette enabled
console.warn: SearchSettings: "get: No settings file exists, new profile?" (new NotFoundError("Could not open the file at C:\\Users\\nikhi\\AppData\\Local\\Temp\\rust_mozprofileHGURdv\\search.json.mozlz4", (void 0)))
1639971796546	Marionette	INFO	Listening on port 60810
1639971796656	RemoteAgent	WARN	TLS certificate errors will be ignored for this session
JavaScript warning: https://www.redditstatic.com/accountmanager/login.97d25d2d7a0b2889b184.js, line 1: unreachable code after return statement
1639971896710	geckodriver	INFO	Listening on 127.0.0.1:61091
1639971899776	mozrunner::runner	INFO	Running command: "C:\\Program Files\\Mozilla Firefox\\firefox.exe" "--marionette" "-no-remote" "-profile" "C:\\Users\\nikhi\\AppData\\Local\\Temp\\rust_mozprofilelWvpUc"
1639971900475	Marionette	INFO	Marionette enabled
console.warn: SearchSettings: "get: No settings file exists, new profile?" (new NotFoundError("Could not open the file at C:\\Users\\nikhi\\AppData\\Local\\Temp\\rust_mozprofilelWvpUc\\search.json.mozlz4", (void 0)))
1639971904144	Marionette	INFO	Listening on port 61104
1639971904579	RemoteAgent	WARN	TLS certificate errors will be ignored for this session
JavaScript warning: https://www.redditstatic.com/accountmanager/login.97d25d2d7a0b2889b184.js, line 1: unreachable code after return statement
1639972311525	geckodriver	INFO	Listening on 127.0.0.1:57857
1639972314569	mozrunner::runner	INFO	Running command: "C:\\Program Files\\Mozilla Firefox\\firefox.exe" "--marionette" "-no-remote" "-profile" "C:\\Users\\nikhi\\AppData\\Local\\Temp\\rust_mozprofile1aR3pU"
1639972315257	Marionette	INFO	Marionette enabled
console.warn: SearchSettings: "get: No settings file exists, new profile?" (new NotFoundError("Could not open the file at C:\\Users\\nikhi\\AppData\\Local\\Temp\\rust_mozprofile1aR3pU\\search.json.mozlz4", (void 0)))
1639972319126	Marionette	INFO	Listening on port 57868
1639972319382	RemoteAgent	WARN	TLS certificate errors will be ignored for this session
JavaScript warning: https://www.redditstatic.com/accountmanager/login.97d25d2d7a0b2889b184.js, line 1: unreachable code after return statement
1639972331366	Marionette	INFO	Stopped listening on port 57868
console.warn: TopSitesFeed: Failed to fetch data from Contile server: NetworkError when attempting to fetch resource.
JavaScript error: chrome://remote/content/marionette/cert.js, line 55: NS_ERROR_NOT_AVAILABLE: Component returned failure code: 0x80040111 (NS_ERROR_NOT_AVAILABLE) [nsICertOverrideService.setDisableAllSecurityChecksAndLetAttackersInterceptMyData]
1639972513041	geckodriver	INFO	Listening on 127.0.0.1:58294
1639972516097	mozrunner::runner	INFO	Running command: "C:\\Program Files\\Mozilla Firefox\\firefox.exe" "--marionette" "-no-remote" "-profile" "C:\\Users\\nikhi\\AppData\\Local\\Temp\\rust_mozprofileTrUUs3"
1639972516792	Marionette	INFO	Marionette enabled
console.warn: SearchSettings: "get: No settings file exists, new profile?" (new NotFoundError("Could not open the file at C:\\Users\\nikhi\\AppData\\Local\\Temp\\rust_mozprofileTrUUs3\\search.json.mozlz4", (void 0)))
1639972520672	Marionette	INFO	Listening on port 58308
1639972520905	RemoteAgent	WARN	TLS certificate errors will be ignored for this session
JavaScript warning: https://www.redditstatic.com/accountmanager/login.97d25d2d7a0b2889b184.js, line 1: unreachable code after return statement
1639972768807	geckodriver	INFO	Listening on 127.0.0.1:58861
1639972771882	mozrunner::runner	INFO	Running command: "C:\\Program Files\\Mozilla Firefox\\firefox.exe" "--marionette" "-no-remote" "-profile" "C:\\Users\\nikhi\\AppData\\Local\\Temp\\rust_mozprofileyt1BS0"
1639972773014	Marionette	INFO	Marionette enabled
console.warn: SearchSettings: "get: No settings file exists, new profile?" (new NotFoundError("Could not open the file at C:\\Users\\nikhi\\AppData\\Local\\Temp\\rust_mozprofileyt1BS0\\search.json.mozlz4", (void 0)))
1639972777280	Marionette	INFO	Listening on port 58879
1639972777721	RemoteAgent	WARN	TLS certificate errors will be ignored for this session
JavaScript warning: https://www.redditstatic.com/accountmanager/login.97d25d2d7a0b2889b184.js, line 1: unreachable code after return statement
1639972803616	geckodriver	INFO	Listening on 127.0.0.1:59027
1639972806682	mozrunner::runner	INFO	Running command: "C:\\Program Files\\Mozilla Firefox\\firefox.exe" "--marionette" "-no-remote" "-profile" "C:\\Users\\nikhi\\AppData\\Local\\Temp\\rust_mozprofileJsjWTv"
1639972807346	Marionette	INFO	Marionette enabled
console.warn: SearchSettings: "get: No settings file exists, new profile?" (new NotFoundError("Could not open the file at C:\\Users\\nikhi\\AppData\\Local\\Temp\\rust_mozprofileJsjWTv\\search.json.mozlz4", (void 0)))
1639972811245	Marionette	INFO	Listening on port 59041
1639972811509	RemoteAgent	WARN	TLS certificate errors will be ignored for this session
JavaScript warning: https://www.redditstatic.com/accountmanager/login.97d25d2d7a0b2889b184.js, line 1: unreachable code after return statement
